This is pdfTeX, Version 3.141592653-2.6-1.40.24 (TeX Live 2022) (preloaded format=pdflatex 2022.5.25)  6 DEC 2024 15:45
entering extended mode
 restricted \write18 enabled.
 %&-line parsing enabled.
**Report.tex
(./Report.tex
LaTeX2e <2021-11-15> patch level 1
L3 programming layer <2022-02-24>
(/usr/local/texlive/2022/texmf-dist/tex/latex/base/article.cls
Document Class: article 2021/10/04 v1.4n Standard LaTeX document class
(/usr/local/texlive/2022/texmf-dist/tex/latex/base/size11.clo
File: size11.clo 2021/10/04 v1.4n Standard LaTeX file (size option)
)
\c@part=\count185
\c@section=\count186
\c@subsection=\count187
\c@subsubsection=\count188
\c@paragraph=\count189
\c@subparagraph=\count190
\c@figure=\count191
\c@table=\count192
\abovecaptionskip=\skip47
\belowcaptionskip=\skip48
\bibindent=\dimen138
)
(/usr/local/texlive/2022/texmf-dist/tex/latex/base/inputenc.sty
Package: inputenc 2021/02/14 v1.3d Input encoding file
\inpenc@prehook=\toks16
\inpenc@posthook=\toks17
)
(/usr/local/texlive/2022/texmf-dist/tex/latex/amsmath/amsmath.sty
Package: amsmath 2021/10/15 v2.17l AMS math features
\@mathmargin=\skip49

For additional information on amsmath, use the `?' option.
(/usr/local/texlive/2022/texmf-dist/tex/latex/amsmath/amstext.sty
Package: amstext 2021/08/26 v2.01 AMS text

(/usr/local/texlive/2022/texmf-dist/tex/latex/amsmath/amsgen.sty
File: amsgen.sty 1999/11/30 v2.0 generic functions
\@emptytoks=\toks18
\ex@=\dimen139
))
(/usr/local/texlive/2022/texmf-dist/tex/latex/amsmath/amsbsy.sty
Package: amsbsy 1999/11/29 v1.2d Bold Symbols
\pmbraise@=\dimen140
)
(/usr/local/texlive/2022/texmf-dist/tex/latex/amsmath/amsopn.sty
Package: amsopn 2021/08/26 v2.02 operator names
)
\inf@bad=\count193
LaTeX Info: Redefining \frac on input line 234.
\uproot@=\count194
\leftroot@=\count195
LaTeX Info: Redefining \overline on input line 399.
\classnum@=\count196
\DOTSCASE@=\count197
LaTeX Info: Redefining \ldots on input line 496.
LaTeX Info: Redefining \dots on input line 499.
LaTeX Info: Redefining \cdots on input line 620.
\Mathstrutbox@=\box50
\strutbox@=\box51
\big@size=\dimen141
LaTeX Font Info:    Redeclaring font encoding OML on input line 743.
LaTeX Font Info:    Redeclaring font encoding OMS on input line 744.
\macc@depth=\count198
\c@MaxMatrixCols=\count199
\dotsspace@=\muskip16
\c@parentequation=\count266
\dspbrk@lvl=\count267
\tag@help=\toks19
\row@=\count268
\column@=\count269
\maxfields@=\count270
\andhelp@=\toks20
\eqnshift@=\dimen142
\alignsep@=\dimen143
\tagshift@=\dimen144
\tagwidth@=\dimen145
\totwidth@=\dimen146
\lineht@=\dimen147
\@envbody=\toks21
\multlinegap=\skip50
\multlinetaggap=\skip51
\mathdisplay@stack=\toks22
LaTeX Info: Redefining \[ on input line 2938.
LaTeX Info: Redefining \] on input line 2939.
)
(/usr/local/texlive/2022/texmf-dist/tex/latex/amsfonts/amsfonts.sty
Package: amsfonts 2013/01/14 v3.01 Basic AMSFonts support
\symAMSa=\mathgroup4
\symAMSb=\mathgroup5
LaTeX Font Info:    Redeclaring math symbol \hbar on input line 98.
LaTeX Font Info:    Overwriting math alphabet `\mathfrak' in version `bold'
(Font)                  U/euf/m/n --> U/euf/b/n on input line 106.
)
(/usr/local/texlive/2022/texmf-dist/tex/latex/amsfonts/amssymb.sty
Package: amssymb 2013/01/14 v3.01 AMS font symbols
)
(/usr/local/texlive/2022/texmf-dist/tex/latex/graphics/graphicx.sty
Package: graphicx 2021/09/16 v1.2d Enhanced LaTeX Graphics (DPC,SPQR)

(/usr/local/texlive/2022/texmf-dist/tex/latex/graphics/keyval.sty
Package: keyval 2014/10/28 v1.15 key=value parser (DPC)
\KV@toks@=\toks23
)
(/usr/local/texlive/2022/texmf-dist/tex/latex/graphics/graphics.sty
Package: graphics 2021/03/04 v1.4d Standard LaTeX Graphics (DPC,SPQR)

(/usr/local/texlive/2022/texmf-dist/tex/latex/graphics/trig.sty
Package: trig 2021/08/11 v1.11 sin cos tan (DPC)
)
(/usr/local/texlive/2022/texmf-dist/tex/latex/graphics-cfg/graphics.cfg
File: graphics.cfg 2016/06/04 v1.11 sample graphics configuration
)
Package graphics Info: Driver file: pdftex.def on input line 107.

(/usr/local/texlive/2022/texmf-dist/tex/latex/graphics-def/pdftex.def
File: pdftex.def 2020/10/05 v1.2a Graphics/color driver for pdftex
))
\Gin@req@height=\dimen148
\Gin@req@width=\dimen149
)
(/usr/local/texlive/2022/texmf-dist/tex/generic/nth/nth.sty
Package: nth 2002/02/27
)
(/usr/local/texlive/2022/texmf-dist/tex/latex/amscls/amsthm.sty
Package: amsthm 2020/05/29 v2.20.6
\thm@style=\toks24
\thm@bodyfont=\toks25
\thm@headfont=\toks26
\thm@notefont=\toks27
\thm@headpunct=\toks28
\thm@preskip=\skip52
\thm@postskip=\skip53
\thm@headsep=\skip54
\dth@everypar=\toks29
)
(/usr/local/texlive/2022/texmf-dist/tex/latex/tools/bm.sty
Package: bm 2021/04/25 v1.2e Bold Symbol Support (DPC/FMi)
\symboldoperators=\mathgroup6
\symboldletters=\mathgroup7
\symboldsymbols=\mathgroup8
Package bm Info: No bold for \OMX/cmex/m/n, using \pmb.
Package bm Info: No bold for \U/msa/m/n, using \pmb.
Package bm Info: No bold for \U/msb/m/n, using \pmb.
LaTeX Font Info:    Redeclaring math alphabet \mathbf on input line 149.
)
\c@theorem=\count271
\c@objective=\count272
\c@model=\count273

(/usr/local/texlive/2022/texmf-dist/tex/latex/xcolor/xcolor.sty
Package: xcolor 2021/10/31 v2.13 LaTeX color extensions (UK)

(/usr/local/texlive/2022/texmf-dist/tex/latex/graphics-cfg/color.cfg
File: color.cfg 2016/01/02 v1.6 sample color configuration
)
Package xcolor Info: Driver file: pdftex.def on input line 227.
Package xcolor Info: Model `cmy' substituted by `cmy0' on input line 1352.
Package xcolor Info: Model `hsb' substituted by `rgb' on input line 1356.
Package xcolor Info: Model `RGB' extended on input line 1368.
Package xcolor Info: Model `HTML' substituted by `rgb' on input line 1370.
Package xcolor Info: Model `Hsb' substituted by `hsb' on input line 1371.
Package xcolor Info: Model `tHsb' substituted by `hsb' on input line 1372.
Package xcolor Info: Model `HSB' substituted by `hsb' on input line 1373.
Package xcolor Info: Model `Gray' substituted by `gray' on input line 1374.
Package xcolor Info: Model `wave' substituted by `hsb' on input line 1375.
)
(/usr/local/texlive/2022/texmf-dist/tex/latex/listings/listings.sty
\lst@mode=\count274
\lst@gtempboxa=\box52
\lst@token=\toks30
\lst@length=\count275
\lst@currlwidth=\dimen150
\lst@column=\count276
\lst@pos=\count277
\lst@lostspace=\dimen151
\lst@width=\dimen152
\lst@newlines=\count278
\lst@lineno=\count279
\lst@maxwidth=\dimen153

(/usr/local/texlive/2022/texmf-dist/tex/latex/listings/lstmisc.sty
File: lstmisc.sty 2020/03/24 1.8d (Carsten Heinz)
\c@lstnumber=\count280
\lst@skipnumbers=\count281
\lst@framebox=\box53
)
(/usr/local/texlive/2022/texmf-dist/tex/latex/listings/listings.cfg
File: listings.cfg 2020/03/24 1.8d listings configuration
))
Package: listings 2020/03/24 1.8d (Carsten Heinz)

(/usr/local/texlive/2022/texmf-dist/tex/latex/natbib/natbib.sty
Package: natbib 2010/09/13 8.31b (PWD, AO)
\bibhang=\skip55
\bibsep=\skip56
LaTeX Info: Redefining \cite on input line 694.
\c@NAT@ctr=\count282
)
(/usr/local/texlive/2022/texmf-dist/tex/latex/l3backend/l3backend-pdftex.def
File: l3backend-pdftex.def 2022-02-07 L3 backend support: PDF output (pdfTeX)
\l__color_backend_stack_int=\count283
\l__pdf_internal_box=\box54
)
(./Report.aux)
\openout1 = `Report.aux'.

LaTeX Font Info:    Checking defaults for OML/cmm/m/it on input line 44.
LaTeX Font Info:    ... okay on input line 44.
LaTeX Font Info:    Checking defaults for OMS/cmsy/m/n on input line 44.
LaTeX Font Info:    ... okay on input line 44.
LaTeX Font Info:    Checking defaults for OT1/cmr/m/n on input line 44.
LaTeX Font Info:    ... okay on input line 44.
LaTeX Font Info:    Checking defaults for T1/cmr/m/n on input line 44.
LaTeX Font Info:    ... okay on input line 44.
LaTeX Font Info:    Checking defaults for TS1/cmr/m/n on input line 44.
LaTeX Font Info:    ... okay on input line 44.
LaTeX Font Info:    Checking defaults for OMX/cmex/m/n on input line 44.
LaTeX Font Info:    ... okay on input line 44.
LaTeX Font Info:    Checking defaults for U/cmr/m/n on input line 44.
LaTeX Font Info:    ... okay on input line 44.

(/usr/local/texlive/2022/texmf-dist/tex/context/base/mkii/supp-pdf.mkii
[Loading MPS to PDF converter (version 2006.09.02).]
\scratchcounter=\count284
\scratchdimen=\dimen154
\scratchbox=\box55
\nofMPsegments=\count285
\nofMParguments=\count286
\everyMPshowfont=\toks31
\MPscratchCnt=\count287
\MPscratchDim=\dimen155
\MPnumerator=\count288
\makeMPintoPDFobject=\count289
\everyMPtoPDFconversion=\toks32
) (/usr/local/texlive/2022/texmf-dist/tex/latex/epstopdf-pkg/epstopdf-base.sty
Package: epstopdf-base 2020-01-24 v2.11 Base part for package epstopdf

(/usr/local/texlive/2022/texmf-dist/tex/generic/infwarerr/infwarerr.sty
Package: infwarerr 2019/12/03 v1.5 Providing info/warning/error messages (HO)
)
(/usr/local/texlive/2022/texmf-dist/tex/latex/grfext/grfext.sty
Package: grfext 2019/12/03 v1.3 Manage graphics extensions (HO)

(/usr/local/texlive/2022/texmf-dist/tex/generic/kvdefinekeys/kvdefinekeys.sty
Package: kvdefinekeys 2019-12-19 v1.6 Define keys (HO)
)) (/usr/local/texlive/2022/texmf-dist/tex/latex/kvoptions/kvoptions.sty
Package: kvoptions 2020-10-07 v3.14 Key value format for package options (HO)

(/usr/local/texlive/2022/texmf-dist/tex/generic/ltxcmds/ltxcmds.sty
Package: ltxcmds 2020-05-10 v1.25 LaTeX kernel commands for general use (HO)
)
(/usr/local/texlive/2022/texmf-dist/tex/generic/kvsetkeys/kvsetkeys.sty
Package: kvsetkeys 2019/12/15 v1.18 Key value parser (HO)
))
(/usr/local/texlive/2022/texmf-dist/tex/generic/pdftexcmds/pdftexcmds.sty
Package: pdftexcmds 2020-06-27 v0.33 Utility functions of pdfTeX for LuaTeX (HO
)

(/usr/local/texlive/2022/texmf-dist/tex/generic/iftex/iftex.sty
Package: iftex 2022/02/03 v1.0f TeX engine tests
)
Package pdftexcmds Info: \pdf@primitive is available.
Package pdftexcmds Info: \pdf@ifprimitive is available.
Package pdftexcmds Info: \pdfdraftmode found.
)
Package epstopdf-base Info: Redefining graphics rule for `.eps' on input line 4
85.
Package grfext Info: Graphics extension search list:
(grfext)             [.pdf,.png,.jpg,.mps,.jpeg,.jbig2,.jb2,.PDF,.PNG,.JPG,.JPE
G,.JBIG2,.JB2,.eps]
(grfext)             \AppendGraphicsExtensions on input line 504.

(/usr/local/texlive/2022/texmf-dist/tex/latex/latexconfig/epstopdf-sys.cfg
File: epstopdf-sys.cfg 2010/07/13 v1.3 Configuration of (r)epstopdf for TeX Liv
e
))
\c@lstlisting=\count290

(./Report.toc)
\tf@toc=\write3
\openout3 = `Report.toc'.

 [1

{/usr/local/texlive/2022/texmf-var/fonts/map/pdftex/updmap/pdftex.map}]
Underfull \hbox (badness 10000) in paragraph at lines 51--52

 []

[2]
LaTeX Font Info:    Trying to load font information for U+msa on input line 72.

 (/usr/local/texlive/2022/texmf-dist/tex/latex/amsfonts/umsa.fd
File: umsa.fd 2013/01/14 v3.01 AMS symbols A
)
LaTeX Font Info:    Trying to load font information for U+msb on input line 72.


(/usr/local/texlive/2022/texmf-dist/tex/latex/amsfonts/umsb.fd
File: umsb.fd 2013/01/14 v3.01 AMS symbols B
)
Underfull \hbox (badness 10000) in paragraph at lines 97--98

 []

[3] [4]
Underfull \hbox (badness 10000) in paragraph at lines 123--124

 []


Underfull \hbox (badness 10000) in paragraph at lines 125--126

 []


Underfull \hbox (badness 10000) in paragraph at lines 166--167

 []

[5]
Underfull \hbox (badness 10000) in paragraph at lines 170--171

 []


Underfull \hbox (badness 10000) in paragraph at lines 172--173

 []

[6] (/usr/local/texlive/2022/texmf-dist/tex/latex/listings/lstlang1.sty
File: lstlang1.sty 2020/03/24 1.8d listings language file
)
(/usr/local/texlive/2022/texmf-dist/tex/latex/listings/lstlang1.sty
File: lstlang1.sty 2020/03/24 1.8d listings language file
)
(/usr/local/texlive/2022/texmf-dist/tex/latex/listings/lstmisc.sty
File: lstmisc.sty 2020/03/24 1.8d (Carsten Heinz)
)
LaTeX Font Info:    Trying to load font information for OMS+cmr on input line 1
83.

(/usr/local/texlive/2022/texmf-dist/tex/latex/base/omscmr.fd
File: omscmr.fd 2019/12/16 v2.5j Standard LaTeX font definitions
)
LaTeX Font Info:    Font shape `OMS/cmr/m/n' in size <10> not available
(Font)              Font shape `OMS/cmsy/m/n' tried instead on input line 183.

Overfull \hbox (72.0044pt too wide) in paragraph at lines 184--185
[][][][][][][][][][][][][][][][][][][][][][][][][][][][][][] 
 []

LaTeX Font Info:    Trying to load font information for OML+cmr on input line 1
90.
(/usr/local/texlive/2022/texmf-dist/tex/latex/base/omlcmr.fd
File: omlcmr.fd 2019/12/16 v2.5j Standard LaTeX font definitions
)
LaTeX Font Info:    Font shape `OML/cmr/m/n' in size <10> not available
(Font)              Font shape `OML/cmm/m/it' tried instead on input line 190.

Overfull \hbox (30.00397pt too wide) in paragraph at lines 215--216
[][][][][][][][][][][][][][][][][][][][][][][][][][][][][] 
 []

[7] (/usr/local/texlive/2022/texmf-dist/tex/latex/listings/lstlang1.sty
File: lstlang1.sty 2020/03/24 1.8d listings language file
)
(/usr/local/texlive/2022/texmf-dist/tex/latex/listings/lstlang2.sty
File: lstlang2.sty 2020/03/24 1.8d listings language file
)
(/usr/local/texlive/2022/texmf-dist/tex/latex/listings/lstlang3.sty
File: lstlang3.sty 2020/03/24 1.8d listings language file
)
LaTeX Font Info:    Font shape `OML/cmr/bx/n' in size <10> not available
(Font)              Font shape `OML/cmm/b/it' tried instead on input line 236.

Overfull \hbox (24.0039pt too wide) in paragraph at lines 237--238
[][][][][][][][][][][][][][][][][][][][][][][][][][] 
 []

[8] (./Report.bbl) [9]
<prices.png, id=47, 672.5125pt x 444.66125pt>
File: prices.png Graphic file (type png)
<use prices.png>
Package pdftex.def Info: prices.png  used on input line 280.
(pdftex.def)             Requested size: 322.74075pt x 213.39566pt.
<price_dist.png, id=49, 673.51625pt x 480.79625pt>
File: price_dist.png Graphic file (type png)
<use price_dist.png>
Package pdftex.def Info: price_dist.png  used on input line 290.
(pdftex.def)             Requested size: 298.93787pt x 213.39566pt.


LaTeX Warning: `!h' float specifier changed to `!ht'.

<crime.png, id=50, 673.51625pt x 478.78876pt>
File: crime.png Graphic file (type png)
<use crime.png>
Package pdftex.def Info: crime.png  used on input line 298.
(pdftex.def)             Requested size: 300.1814pt x 213.39566pt.

LaTeX Warning: `!h' float specifier changed to `!ht'.

<rooms.png, id=51, 673.51625pt x 478.78876pt>
File: rooms.png Graphic file (type png)
<use rooms.png>
Package pdftex.def Info: rooms.png  used on input line 305.
(pdftex.def)             Requested size: 300.1814pt x 213.39566pt.

LaTeX Warning: `!h' float specifier changed to `!ht'.

<employment.png, id=52, 673.51625pt x 477.785pt>
File: employment.png Graphic file (type png)
<use employment.png>
Package pdftex.def Info: employment.png  used on input line 312.
(pdftex.def)             Requested size: 300.80829pt x 213.39566pt.

LaTeX Warning: `!h' float specifier changed to `!ht'.

<nox.png, id=53, 672.5125pt x 478.78876pt>
File: nox.png Graphic file (type png)
<use nox.png>
Package pdftex.def Info: nox.png  used on input line 319.
(pdftex.def)             Requested size: 299.73402pt x 213.39566pt.

LaTeX Warning: `!h' float specifier changed to `!ht'.

<traceplot_betas.png, id=54, 803.0pt x 602.25pt>
File: traceplot_betas.png Graphic file (type png)
<use traceplot_betas.png>
Package pdftex.def Info: traceplot_betas.png  used on input line 327.
(pdftex.def)             Requested size: 284.534pt x 213.39566pt.

LaTeX Warning: `!h' float specifier changed to `!ht'.

<traceplot_beta0.png, id=55, 803.0pt x 602.25pt>
File: traceplot_beta0.png Graphic file (type png)
<use traceplot_beta0.png>
Package pdftex.def Info: traceplot_beta0.png  used on input line 334.
(pdftex.def)             Requested size: 284.534pt x 213.39566pt.

LaTeX Warning: `!h' float specifier changed to `!ht'.

<traceplot_sigma_r.png, id=56, 803.0pt x 602.25pt>
File: traceplot_sigma_r.png Graphic file (type png)
<use traceplot_sigma_r.png>
Package pdftex.def Info: traceplot_sigma_r.png  used on input line 341.
(pdftex.def)             Requested size: 284.534pt x 213.39566pt.

LaTeX Warning: `!h' float specifier changed to `!ht'.

<traceplot_logit_rho.png, id=57, 803.0pt x 602.25pt>
File: traceplot_logit_rho.png Graphic file (type png)
<use traceplot_logit_rho.png>
Package pdftex.def Info: traceplot_logit_rho.png  used on input line 348.
(pdftex.def)             Requested size: 284.534pt x 213.39566pt.

LaTeX Warning: `!h' float specifier changed to `!ht'.

<density_betas.png, id=58, 803.0pt x 602.25pt>
File: density_betas.png Graphic file (type png)
<use density_betas.png>
Package pdftex.def Info: density_betas.png  used on input line 357.
(pdftex.def)             Requested size: 284.534pt x 213.39566pt.

LaTeX Warning: `!h' float specifier changed to `!ht'.

<density_beta0.png, id=59, 803.0pt x 602.25pt>
File: density_beta0.png Graphic file (type png)
<use density_beta0.png>
Package pdftex.def Info: density_beta0.png  used on input line 364.
(pdftex.def)             Requested size: 284.534pt x 213.39566pt.

LaTeX Warning: `!h' float specifier changed to `!ht'.

<density_sigma_r.png, id=60, 803.0pt x 602.25pt>
File: density_sigma_r.png Graphic file (type png)
<use density_sigma_r.png>
Package pdftex.def Info: density_sigma_r.png  used on input line 371.
(pdftex.def)             Requested size: 284.534pt x 213.39566pt.

LaTeX Warning: `!h' float specifier changed to `!ht'.

<density_logit_rho.png, id=61, 803.0pt x 602.25pt>
File: density_logit_rho.png Graphic file (type png)
<use density_logit_rho.png>
Package pdftex.def Info: density_logit_rho.png  used on input line 378.
(pdftex.def)             Requested size: 284.534pt x 213.39566pt.

LaTeX Warning: `!h' float specifier changed to `!ht'.

<traceplot_betas2.png, id=62, 803.0pt x 602.25pt>
File: traceplot_betas2.png Graphic file (type png)
<use traceplot_betas2.png>
Package pdftex.def Info: traceplot_betas2.png  used on input line 396.
(pdftex.def)             Requested size: 284.534pt x 213.39566pt.

LaTeX Warning: `!h' float specifier changed to `!ht'.

<traceplot_beta02.png, id=63, 803.0pt x 602.25pt>
File: traceplot_beta02.png Graphic file (type png)
<use traceplot_beta02.png>
Package pdftex.def Info: traceplot_beta02.png  used on input line 403.
(pdftex.def)             Requested size: 284.534pt x 213.39566pt.

LaTeX Warning: `!h' float specifier changed to `!ht'.

<traceplot_sigma_r2.png, id=64, 803.0pt x 602.25pt>
File: traceplot_sigma_r2.png Graphic file (type png)
<use traceplot_sigma_r2.png>
Package pdftex.def Info: traceplot_sigma_r2.png  used on input line 410.
(pdftex.def)             Requested size: 284.534pt x 213.39566pt.

LaTeX Warning: `!h' float specifier changed to `!ht'.

<traceplot_logit_rho2.png, id=65, 803.0pt x 602.25pt>
File: traceplot_logit_rho2.png Graphic file (type png)
<use traceplot_logit_rho2.png>
Package pdftex.def Info: traceplot_logit_rho2.png  used on input line 417.
(pdftex.def)             Requested size: 284.534pt x 213.39566pt.

LaTeX Warning: `!h' float specifier changed to `!ht'.

<density_betas2.png, id=66, 803.0pt x 602.25pt>
File: density_betas2.png Graphic file (type png)
<use density_betas2.png>
Package pdftex.def Info: density_betas2.png  used on input line 426.
(pdftex.def)             Requested size: 284.534pt x 213.39566pt.

LaTeX Warning: `!h' float specifier changed to `!ht'.

<density_beta02.png, id=67, 803.0pt x 602.25pt>
File: density_beta02.png Graphic file (type png)
<use density_beta02.png>
Package pdftex.def Info: density_beta02.png  used on input line 433.
(pdftex.def)             Requested size: 284.534pt x 213.39566pt.

LaTeX Warning: `!h' float specifier changed to `!ht'.

<density_sigma_r2.png, id=68, 803.0pt x 602.25pt>
File: density_sigma_r2.png Graphic file (type png)
<use density_sigma_r2.png>
Package pdftex.def Info: density_sigma_r2.png  used on input line 440.
(pdftex.def)             Requested size: 284.534pt x 213.39566pt.

LaTeX Warning: `!h' float specifier changed to `!ht'.

<density_logit_rho2.png, id=69, 803.0pt x 602.25pt>
File: density_logit_rho2.png Graphic file (type png)
<use density_logit_rho2.png>
Package pdftex.def Info: density_logit_rho2.png  used on input line 447.
(pdftex.def)             Requested size: 284.534pt x 213.39566pt.

LaTeX Warning: `!h' float specifier changed to `!ht'.

[10 <./prices.png>] [11 <./price_dist.png> <./crime.png>] [12 <./rooms.png> <./
employment.png>] [13 <./nox.png> <./traceplot_betas.png (PNG copy)>] [14 <./tra
ceplot_beta0.png (PNG copy)> <./traceplot_sigma_r.png (PNG copy)>] [15 <./trace
plot_logit_rho.png (PNG copy)> <./density_betas.png (PNG copy)>] [16 <./density
_beta0.png (PNG copy)> <./density_sigma_r.png (PNG copy)>] [17 <./density_logit
_rho.png (PNG copy)> <./traceplot_betas2.png (PNG copy)>] [18 <./traceplot_beta
02.png (PNG copy)> <./traceplot_sigma_r2.png (PNG copy)>] [19 <./traceplot_logi
t_rho2.png (PNG copy)> <./density_betas2.png (PNG copy)>] [20 <./density_beta02
.png (PNG copy)> <./density_sigma_r2.png (PNG copy)>] [21 <./density_logit_rho2
.png (PNG copy)>] (./Report.aux) ) 
Here is how much of TeX's memory you used:
 7056 strings out of 478268
 100918 string characters out of 5846347
 608279 words of memory out of 5000000
 25134 multiletter control sequences out of 15000+600000
 480123 words of font info for 66 fonts, out of 8000000 for 9000
 1141 hyphenation exceptions out of 8191
 60i,9n,67p,785b,1816s stack positions out of 10000i,1000n,20000p,200000b,200000s
{/usr/local/texlive/2022/texmf-dist/fonts/enc
/dvips/cm-super/cm-super-ts1.enc}</usr/local/texlive/2022/texmf-dist/fonts/type
1/public/amsfonts/cm/cmbx10.pfb></usr/local/texlive/2022/texmf-dist/fonts/type1
/public/amsfonts/cm/cmbx12.pfb></usr/local/texlive/2022/texmf-dist/fonts/type1/
public/amsfonts/cm/cmex10.pfb></usr/local/texlive/2022/texmf-dist/fonts/type1/p
ublic/amsfonts/cm/cmmi10.pfb></usr/local/texlive/2022/texmf-dist/fonts/type1/pu
blic/amsfonts/cm/cmmi8.pfb></usr/local/texlive/2022/texmf-dist/fonts/type1/publ
ic/amsfonts/cm/cmmib10.pfb></usr/local/texlive/2022/texmf-dist/fonts/type1/publ
ic/amsfonts/cm/cmr10.pfb></usr/local/texlive/2022/texmf-dist/fonts/type1/public
/amsfonts/cm/cmr17.pfb></usr/local/texlive/2022/texmf-dist/fonts/type1/public/a
msfonts/cm/cmr8.pfb></usr/local/texlive/2022/texmf-dist/fonts/type1/public/amsf
onts/cm/cmsy10.pfb></usr/local/texlive/2022/texmf-dist/fonts/type1/public/amsfo
nts/cm/cmsy8.pfb></usr/local/texlive/2022/texmf-dist/fonts/type1/public/amsfont
s/cm/cmti10.pfb></usr/local/texlive/2022/texmf-dist/fonts/type1/public/amsfonts
/cm/cmtt10.pfb></usr/local/texlive/2022/texmf-dist/fonts/type1/public/cm-super/
sfbx1000.pfb></usr/local/texlive/2022/texmf-dist/fonts/type1/public/cm-super/sf
rm1000.pfb></usr/local/texlive/2022/texmf-dist/fonts/type1/public/cm-super/sfrm
1095.pfb>
Output written on Report.pdf (21 pages, 2350585 bytes).
PDF statistics:
 182 PDF objects out of 1000 (max. 8388607)
 98 compressed objects within 1 object stream
 0 named destinations out of 1000 (max. 500000)
 111 words of extra memory for PDF output out of 10000 (max. 10000000)

